\BOOKMARK [0][-]{section*.1}{\376\377\000L\000g}{}% 1
\BOOKMARK [1][-]{section*.2}{\376\377\000I\000n\000t\000r\000o\000d\000u\000c\000t\000i\000o\000n}{section*.1}% 2
\BOOKMARK [1][-]{section*.3}{\376\377\000T\000h\000e\000o\000r\000y}{section*.1}% 3
\BOOKMARK [2][-]{section*.4}{\376\377\000T\000h\000e\000\040\000F\000r\000a\000n\000k\000e\000\040\000F\000u\000n\000c\000t\000i\000o\000n}{section*.3}% 4
\BOOKMARK [2][-]{section*.5}{\376\377\000B\000i\000a\000s\000-\000V\000a\000r\000i\000a\000n\000c\000e\000\040\000T\000r\000a\000d\000e\000o\000f\000f}{section*.3}% 5
\BOOKMARK [1][-]{section*.6}{\376\377\000M\000e\000t\000h\000o\000d\000s}{section*.1}% 6
\BOOKMARK [2][-]{section*.7}{\376\377\000A\000l\000g\000o\000r\000i\000t\000h\000m\000s}{section*.6}% 7
\BOOKMARK [3][-]{section*.8}{\376\377\000O\000r\000d\000i\000n\000a\000r\000y\000\040\000L\000e\000a\000s\000t\000\040\000S\000q\000u\000a\000r\000e\000s\000\040\000\050\000O\000L\000S\000\051}{section*.7}% 8
\BOOKMARK [3][-]{section*.9}{\376\377\000R\000i\000d\000g\000e}{section*.7}% 9
\BOOKMARK [3][-]{section*.10}{\376\377\000L\000a\000s\000s\000o}{section*.7}% 10
\BOOKMARK [2][-]{section*.11}{\376\377\000I\000m\000p\000l\000e\000m\000e\000n\000t\000a\000t\000i\000o\000n}{section*.6}% 11
\BOOKMARK [3][-]{section*.12}{\376\377\000C\000o\000d\000e\000\040\000S\000t\000r\000u\000c\000t\000u\000r\000e}{section*.11}% 12
\BOOKMARK [3][-]{section*.13}{\376\377\000T\000o\000o\000l\000s}{section*.11}% 13
\BOOKMARK [2][-]{section*.14}{\376\377\000D\000a\000t\000a\000\040\000A\000n\000a\000l\000y\000s\000i\000s}{section*.6}% 14
\BOOKMARK [1][-]{section*.15}{\376\377\000R\000e\000s\000u\000l\000t\000s}{section*.1}% 15
\BOOKMARK [1][-]{section*.16}{\376\377\000D\000i\000s\000c\000u\000s\000s\000i\000o\000n}{section*.1}% 16
\BOOKMARK [1][-]{section*.17}{\376\377\000C\000o\000n\000c\000l\000u\000s\000i\000o\000n}{section*.1}% 17
\BOOKMARK [1][-]{section*.18}{\376\377\000R\000e\000f\000l\000e\000c\000t\000i\000o\000n}{section*.1}% 18
\BOOKMARK [1][-]{section*.19}{\376\377\000A\000c\000k\000n\000o\000w\000l\000e\000d\000g\000e\000m\000e\000n\000t\000s}{section*.1}% 19
\BOOKMARK [1][-]{section*.20}{\376\377\000R\000e\000f\000e\000r\000e\000n\000c\000e\000s}{section*.1}% 20
\BOOKMARK [1][-]{section*.21}{\376\377\000D\000e\000r\000i\000v\000a\000t\000i\000o\000n\000s}{section*.1}% 21
\BOOKMARK [1][-]{section*.22}{\376\377\000A\000d\000d\000i\000t\000i\000o\000n\000a\000l\000\040\000F\000i\000g\000u\000r\000e\000s}{section*.1}% 22
\BOOKMARK [1][-]{section*.23}{\376\377\000C\000o\000d\000e}{section*.1}% 23
\BOOKMARK [2][-]{section*.24}{\376\377\000L\000g}{section*.23}% 24
\BOOKMARK [2][-]{section*.25}{\376\377\000L\000g}{section*.23}% 25
