\BOOKMARK [0][-]{section*.2}{\376\377\000L\000g}{}% 2
\BOOKMARK [1][-]{section*.1}{\376\377\000A\000b\000s\000t\000r\000a\000c\000t}{section*.2}% 1
\BOOKMARK [1][-]{section*.3}{\376\377\000I\000n\000t\000r\000o\000d\000u\000c\000t\000i\000o\000n}{section*.2}% 3
\BOOKMARK [1][-]{section*.4}{\376\377\000T\000h\000e\000o\000r\000y}{section*.2}% 4
\BOOKMARK [2][-]{section*.5}{\376\377\000R\000e\000g\000r\000e\000s\000s\000i\000o\000n\000\040\000A\000n\000a\000l\000y\000s\000i\000s}{section*.4}% 5
\BOOKMARK [3][-]{section*.6}{\376\377\000O\000r\000d\000i\000n\000a\000r\000y\000\040\000L\000e\000a\000s\000t\000\040\000S\000q\000u\000a\000r\000e\000s}{section*.5}% 6
\BOOKMARK [3][-]{section*.7}{\376\377\000R\000i\000d\000g\000e}{section*.5}% 7
\BOOKMARK [3][-]{section*.8}{\376\377\000L\000a\000s\000s\000o}{section*.5}% 8
\BOOKMARK [2][-]{section*.9}{\376\377\000P\000r\000o\000p\000e\000r\000t\000i\000e\000s\000\040\000o\000f\000\040\000P\000r\000e\000d\000i\000c\000t\000i\000v\000e\000\040\000M\000o\000d\000e\000l\000s}{section*.4}% 9
\BOOKMARK [3][-]{section*.10}{\376\377\000P\000r\000e\000d\000i\000c\000t\000e\000d\000\040\000V\000a\000l\000u\000e\000s}{section*.9}% 10
\BOOKMARK [3][-]{section*.11}{\376\377\000M\000o\000d\000e\000l\000\040\000B\000i\000a\000s}{section*.9}% 11
\BOOKMARK [3][-]{section*.12}{\376\377\000M\000o\000d\000e\000l\000\040\000V\000a\000r\000i\000a\000n\000c\000e}{section*.9}% 12
\BOOKMARK [3][-]{section*.13}{\376\377\000B\000i\000a\000s\000-\000V\000a\000r\000i\000a\000n\000c\000e\000\040\000T\000r\000a\000d\000e\000o\000f\000f}{section*.9}% 13
\BOOKMARK [2][-]{section*.14}{\376\377\000R\000e\000s\000a\000m\000p\000l\000i\000n\000g\000\040\000M\000e\000t\000h\000o\000d\000s}{section*.4}% 14
\BOOKMARK [3][-]{section*.15}{\376\377\000B\000o\000o\000t\000s\000t\000r\000a\000p}{section*.14}% 15
\BOOKMARK [3][-]{section*.16}{\376\377\000C\000r\000o\000s\000s\000-\000V\000a\000l\000i\000d\000a\000t\000i\000o\000n}{section*.14}% 16
\BOOKMARK [2][-]{section*.17}{\376\377\000T\000h\000e\000\040\000F\000r\000a\000n\000k\000e\000\040\000F\000u\000n\000c\000t\000i\000o\000n}{section*.4}% 17
\BOOKMARK [1][-]{section*.20}{\376\377\000M\000e\000t\000h\000o\000d\000s\000\040\000\046\000\040\000I\000m\000p\000l\000e\000m\000e\000n\000t\000a\000t\000i\000o\000n}{section*.2}% 18
\BOOKMARK [2][-]{section*.21}{\376\377\000G\000e\000n\000e\000r\000a\000t\000i\000n\000g\000\040\000t\000h\000e\000\040\000D\000a\000t\000a}{section*.20}% 19
\BOOKMARK [3][-]{section*.22}{\376\377\000S\000y\000n\000t\000h\000e\000t\000i\000c\000\040\000D\000a\000t\000a}{section*.21}% 20
\BOOKMARK [3][-]{section*.24}{\376\377\000C\000o\000s\000m\000o\000l\000o\000g\000i\000c\000a\000l\000\040\000S\000i\000m\000u\000l\000a\000t\000i\000o\000n\000\040\000D\000a\000t\000a}{section*.21}% 21
\BOOKMARK [2][-]{section*.26}{\376\377\000R\000e\000g\000r\000e\000s\000s\000i\000o\000n\000\040\000A\000n\000a\000l\000y\000s\000i\000s}{section*.20}% 22
\BOOKMARK [3][-]{section*.27}{\376\377\000C\000r\000e\000a\000t\000i\000n\000g\000\040\000t\000h\000e\000\040\000D\000e\000s\000i\000g\000n\000\040\000M\000a\000t\000r\000i\000x}{section*.26}% 23
\BOOKMARK [3][-]{section*.28}{\376\377\000P\000r\000e\000p\000r\000o\000c\000e\000s\000s\000i\000n\000g}{section*.26}% 24
\BOOKMARK [3][-]{section*.29}{\376\377\000E\000x\000p\000l\000o\000r\000i\000n\000g\000\040\000C\000o\000m\000p\000l\000e\000x\000i\000t\000y\000\040\000D\000e\000p\000e\000n\000d\000e\000n\000c\000y\000\040\000U\000s\000i\000n\000g\000\040\000O\000L\000S}{section*.26}% 25
\BOOKMARK [3][-]{section*.30}{\376\377\000I\000n\000t\000r\000o\000d\000u\000c\000i\000n\000g\000\040\000R\000e\000g\000u\000l\000a\000r\000i\000z\000a\000t\000i\000o\000n}{section*.26}% 26
\BOOKMARK [2][-]{section*.31}{\376\377\000B\000i\000a\000s\000-\000V\000a\000r\000i\000a\000n\000c\000e\000\040\000T\000r\000a\000d\000e\000o\000f\000f}{section*.20}% 27
\BOOKMARK [3][-]{section*.33}{\376\377\000B\000o\000o\000t\000s\000t\000r\000a\000p\000\040\000W\000i\000t\000h\000\040\000O\000L\000S}{section*.31}% 28
\BOOKMARK [2][-]{section*.34}{\376\377\000C\000r\000o\000s\000s\000-\000V\000a\000l\000i\000d\000a\000t\000i\000o\000n}{section*.20}% 29
\BOOKMARK [2][-]{section*.35}{\376\377\000T\000h\000e\000\040\000P\000r\000o\000g\000r\000a\000m}{section*.20}% 30
\BOOKMARK [3][-]{section*.36}{\376\377\000C\000o\000d\000e\000\040\000S\000t\000r\000u\000c\000t\000u\000r\000e}{section*.35}% 31
\BOOKMARK [3][-]{section*.37}{\376\377\000T\000o\000o\000l\000s}{section*.35}% 32
\BOOKMARK [1][-]{section*.38}{\376\377\000R\000e\000s\000u\000l\000t\000s\000\040\000\046\000\040\000D\000i\000s\000c\000u\000s\000s\000i\000o\000n}{section*.2}% 33
\BOOKMARK [2][-]{section*.39}{\376\377\000E\000f\000f\000e\000c\000t\000s\000\040\000o\000f\000\040\000D\000a\000t\000a\000\040\000S\000c\000a\000l\000i\000n\000g}{section*.38}% 34
\BOOKMARK [2][-]{section*.42}{\376\377\000H\000y\000p\000e\000r\000p\000a\000r\000a\000m\000e\000t\000e\000r\000\040\000D\000e\000p\000e\000n\000d\000e\000n\000c\000y}{section*.38}% 35
\BOOKMARK [2][-]{section*.44}{\376\377\000B\000i\000a\000s\000-\000V\000a\000r\000i\000a\000n\000c\000e\000\040\000T\000r\000a\000d\000e\000o\000f\000f}{section*.38}% 36
\BOOKMARK [3][-]{section*.45}{\376\377\000T\000r\000a\000i\000n\000i\000n\000g\000\040\000a\000n\000d\000\040\000T\000e\000s\000t\000\040\000E\000r\000r\000o\000r\000s}{section*.44}% 37
\BOOKMARK [3][-]{section*.47}{\376\377\000P\000a\000r\000a\000m\000e\000t\000e\000r\000\040\000D\000e\000p\000e\000n\000d\000e\000n\000c\000i\000e\000s\000\040\000o\000f\000\040\000M\000S\000E\000,\000\040\000B\000i\000a\000s\000\040\000a\000n\000d\000\040\000V\000a\000r\000i\000a\000n\000c\000e}{section*.44}% 38
\BOOKMARK [2][-]{section*.49}{\376\377\000R\000e\000s\000a\000m\000p\000l\000i\000n\000g\000\040\000M\000e\000t\000h\000o\000d\000s}{section*.38}% 39
\BOOKMARK [3][-]{section*.50}{\376\377\000O\000L\000S\000:\000\040\000C\000r\000o\000s\000s\000-\000V\000a\000l\000i\000d\000a\000t\000i\000o\000n\000\040\000V\000S\000\040\000B\000o\000o\000t\000s\000t\000r\000a\000p}{section*.49}% 40
\BOOKMARK [3][-]{section*.52}{\376\377\000C\000r\000o\000s\000s\000-\000V\000a\000l\000i\000d\000a\000t\000i\000o\000n\000\040\000W\000i\000t\000h\000\040\000R\000i\000d\000g\000e\000\040\000a\000n\000d\000\040\000L\000a\000s\000s\000o}{section*.49}% 41
\BOOKMARK [2][-]{section*.54}{\376\377\000F\000i\000t\000s\000\040\000t\000o\000\040\000t\000h\000e\000\040\000C\000o\000s\000m\000o\000l\000o\000g\000i\000c\000a\000l\000\040\000D\000a\000t\000a}{section*.38}% 42
\BOOKMARK [3][-]{section*.55}{\376\377\000C\000o\000m\000p\000l\000e\000x\000i\000t\000y\000\040\000D\000e\000p\000e\000n\000d\000e\000n\000c\000y\000\040\000i\000n\000\040\000O\000L\000S}{section*.54}% 43
\BOOKMARK [3][-]{section*.57}{\376\377\000C\000o\000m\000p\000a\000r\000i\000n\000g\000\040\000R\000e\000g\000r\000e\000s\000s\000i\000o\000n\000\040\000V\000a\000r\000i\000a\000n\000t\000s}{section*.54}% 44
\BOOKMARK [1][-]{section*.59}{\376\377\000C\000o\000n\000c\000l\000u\000s\000i\000o\000n}{section*.2}% 45
\BOOKMARK [1][-]{section*.60}{\376\377\000R\000e\000f\000e\000r\000e\000n\000c\000e\000s}{section*.2}% 46
\BOOKMARK [1][-]{section*.61}{\376\377\000C\000o\000d\000e}{section*.2}% 47
\BOOKMARK [1][-]{section*.62}{\376\377\000D\000e\000r\000i\000v\000a\000t\000i\000o\000n\000s}{section*.2}% 48
\BOOKMARK [2][-]{section*.63}{\376\377\000E\000x\000p\000e\000c\000t\000a\000t\000i\000o\000n\000\040\000v\000a\000l\000u\000e\000\040\000a\000n\000d\000\040\000v\000a\000r\000i\000a\000n\000c\000e\000\040\000o\000f\000\040\000t\000h\000e\000\040\000O\000L\000S\000\040\000e\000s\000t\000i\000m\000a\000t\000o\000r\000\040\000L\000g}{section*.62}% 49
\BOOKMARK [2][-]{section*.68}{\376\377\000M\000S\000E\000\040\000e\000x\000p\000r\000e\000s\000s\000e\000d\000\040\000i\000n\000\040\000t\000e\000r\000m\000s\000\040\000o\000f\000\040\000m\000o\000d\000e\000l\000\040\000b\000i\000a\000s\000,\000\040\000m\000o\000d\000e\000l\000\040\000v\000a\000r\000i\000a\000n\000c\000e\000\040\000a\000n\000d\000\040\000n\000o\000i\000s\000e\000\040\000v\000a\000r\000i\000a\000n\000c\000e}{section*.62}% 50
\BOOKMARK [1][-]{section*.72}{\376\377\000A\000d\000d\000i\000t\000i\000o\000n\000a\000l\000\040\000F\000i\000g\000u\000r\000e\000s}{section*.2}% 51
